<?xml version="1.0" encoding="UTF-8"?>
<testsuite name="com.example.moviereview.movieList.repository.MovieRepositoryTest" tests="1" skipped="0" failures="0" errors="0" timestamp="2021-07-12T13:16:53" hostname="LAPTOP-17QC8LHQ" time="0.37">
  <properties/>
  <testcase name="repositoryTest()" classname="com.example.moviereview.movieList.repository.MovieRepositoryTest" time="0.37"/>
  <system-out><![CDATA[22:16:48.341 [Test worker] DEBUG org.springframework.test.context.BootstrapUtils - Instantiating CacheAwareContextLoaderDelegate from class [org.springframework.test.context.cache.DefaultCacheAwareContextLoaderDelegate]
22:16:48.351 [Test worker] DEBUG org.springframework.test.context.BootstrapUtils - Instantiating BootstrapContext using constructor [public org.springframework.test.context.support.DefaultBootstrapContext(java.lang.Class,org.springframework.test.context.CacheAwareContextLoaderDelegate)]
22:16:48.379 [Test worker] DEBUG org.springframework.test.context.BootstrapUtils - Instantiating TestContextBootstrapper for test class [com.example.moviereview.movieList.repository.MovieRepositoryTest] from class [org.springframework.boot.test.context.SpringBootTestContextBootstrapper]
22:16:48.388 [Test worker] INFO org.springframework.boot.test.context.SpringBootTestContextBootstrapper - Neither @ContextConfiguration nor @ContextHierarchy found for test class [com.example.moviereview.movieList.repository.MovieRepositoryTest], using SpringBootContextLoader
22:16:48.391 [Test worker] DEBUG org.springframework.test.context.support.AbstractContextLoader - Did not detect default resource location for test class [com.example.moviereview.movieList.repository.MovieRepositoryTest]: class path resource [com/example/moviereview/movieList/repository/MovieRepositoryTest-context.xml] does not exist
22:16:48.392 [Test worker] DEBUG org.springframework.test.context.support.AbstractContextLoader - Did not detect default resource location for test class [com.example.moviereview.movieList.repository.MovieRepositoryTest]: class path resource [com/example/moviereview/movieList/repository/MovieRepositoryTestContext.groovy] does not exist
22:16:48.392 [Test worker] INFO org.springframework.test.context.support.AbstractContextLoader - Could not detect default resource locations for test class [com.example.moviereview.movieList.repository.MovieRepositoryTest]: no resource found for suffixes {-context.xml, Context.groovy}.
22:16:48.392 [Test worker] INFO org.springframework.test.context.support.AnnotationConfigContextLoaderUtils - Could not detect default configuration classes for test class [com.example.moviereview.movieList.repository.MovieRepositoryTest]: MovieRepositoryTest does not declare any static, non-private, non-final, nested classes annotated with @Configuration.
22:16:48.428 [Test worker] DEBUG org.springframework.test.context.support.ActiveProfilesUtils - Could not find an 'annotation declaring class' for annotation type [org.springframework.test.context.ActiveProfiles] and class [com.example.moviereview.movieList.repository.MovieRepositoryTest]
22:16:48.499 [Test worker] DEBUG org.springframework.context.annotation.ClassPathScanningCandidateComponentProvider - Identified candidate component class: file [C:\Users\bsh64\IdeaProjects\bookmanager\movieReview\build\classes\java\main\com\example\moviereview\MovieReviewApplication.class]
22:16:48.500 [Test worker] INFO org.springframework.boot.test.context.SpringBootTestContextBootstrapper - Found @SpringBootConfiguration com.example.moviereview.MovieReviewApplication for test class com.example.moviereview.movieList.repository.MovieRepositoryTest
22:16:48.603 [Test worker] DEBUG org.springframework.boot.test.context.SpringBootTestContextBootstrapper - @TestExecutionListeners is not present for class [com.example.moviereview.movieList.repository.MovieRepositoryTest]: using defaults.
22:16:48.603 [Test worker] INFO org.springframework.boot.test.context.SpringBootTestContextBootstrapper - Loaded default TestExecutionListener class names from location [META-INF/spring.factories]: [org.springframework.boot.test.autoconfigure.restdocs.RestDocsTestExecutionListener, org.springframework.boot.test.autoconfigure.web.client.MockRestServiceServerResetTestExecutionListener, org.springframework.boot.test.autoconfigure.web.servlet.MockMvcPrintOnlyOnFailureTestExecutionListener, org.springframework.boot.test.autoconfigure.web.servlet.WebDriverTestExecutionListener, org.springframework.boot.test.autoconfigure.webservices.client.MockWebServiceServerTestExecutionListener, org.springframework.boot.test.mock.mockito.MockitoTestExecutionListener, org.springframework.boot.test.mock.mockito.ResetMocksTestExecutionListener, org.springframework.test.context.web.ServletTestExecutionListener, org.springframework.test.context.support.DirtiesContextBeforeModesTestExecutionListener, org.springframework.test.context.event.ApplicationEventsTestExecutionListener, org.springframework.test.context.support.DependencyInjectionTestExecutionListener, org.springframework.test.context.support.DirtiesContextTestExecutionListener, org.springframework.test.context.transaction.TransactionalTestExecutionListener, org.springframework.test.context.jdbc.SqlScriptsTestExecutionListener, org.springframework.test.context.event.EventPublishingTestExecutionListener]
22:16:48.625 [Test worker] INFO org.springframework.boot.test.context.SpringBootTestContextBootstrapper - Using TestExecutionListeners: [org.springframework.test.context.web.ServletTestExecutionListener@339b1eae, org.springframework.test.context.support.DirtiesContextBeforeModesTestExecutionListener@51706dda, org.springframework.test.context.event.ApplicationEventsTestExecutionListener@5a5107c1, org.springframework.boot.test.mock.mockito.MockitoTestExecutionListener@22f95537, org.springframework.boot.test.autoconfigure.SpringBootDependencyInjectionTestExecutionListener@49fc41a8, org.springframework.test.context.support.DirtiesContextTestExecutionListener@1bb0fbf0, org.springframework.test.context.transaction.TransactionalTestExecutionListener@498d8848, org.springframework.test.context.jdbc.SqlScriptsTestExecutionListener@21b52ca3, org.springframework.test.context.event.EventPublishingTestExecutionListener@a6fc83c, org.springframework.boot.test.autoconfigure.restdocs.RestDocsTestExecutionListener@161ccdfa, org.springframework.boot.test.autoconfigure.web.client.MockRestServiceServerResetTestExecutionListener@3376d8b9, org.springframework.boot.test.autoconfigure.web.servlet.MockMvcPrintOnlyOnFailureTestExecutionListener@3bae3a40, org.springframework.boot.test.autoconfigure.web.servlet.WebDriverTestExecutionListener@4f743b21, org.springframework.boot.test.autoconfigure.webservices.client.MockWebServiceServerTestExecutionListener@3f774c28, org.springframework.boot.test.mock.mockito.ResetMocksTestExecutionListener@3a41f86f]
22:16:48.630 [Test worker] DEBUG org.springframework.test.context.support.AbstractDirtiesContextTestExecutionListener - Before test class: context [DefaultTestContext@88dc2b testClass = MovieRepositoryTest, testInstance = [null], testMethod = [null], testException = [null], mergedContextConfiguration = [WebMergedContextConfiguration@61390e55 testClass = MovieRepositoryTest, locations = '{}', classes = '{class com.example.moviereview.MovieReviewApplication}', contextInitializerClasses = '[]', activeProfiles = '{}', propertySourceLocations = '{}', propertySourceProperties = '{org.springframework.boot.test.context.SpringBootTestContextBootstrapper=true}', contextCustomizers = set[org.springframework.boot.test.autoconfigure.actuate.metrics.MetricsExportContextCustomizerFactory$DisableMetricExportContextCustomizer@3a212c9d, org.springframework.boot.test.autoconfigure.properties.PropertyMappingContextCustomizer@0, org.springframework.boot.test.autoconfigure.web.servlet.WebDriverContextCustomizerFactory$Customizer@7c7f4c1, org.springframework.boot.test.context.filter.ExcludeFilterContextCustomizer@3933c3e8, org.springframework.boot.test.json.DuplicateJsonObjectContextCustomizerFactory$DuplicateJsonObjectContextCustomizer@7617c100, org.springframework.boot.test.mock.mockito.MockitoContextCustomizer@0, org.springframework.boot.test.web.client.TestRestTemplateContextCustomizer@6c55e220, org.springframework.boot.test.context.SpringBootTestArgs@1, org.springframework.boot.test.context.SpringBootTestWebEnvironment@13445e3c], resourceBasePath = 'src/main/webapp', contextLoader = 'org.springframework.boot.test.context.SpringBootContextLoader', parent = [null]], attributes = map['org.springframework.test.context.web.ServletTestExecutionListener.activateListener' -> true]], class annotated with @DirtiesContext [false] with mode [null].
22:16:48.661 [Test worker] DEBUG org.springframework.test.context.support.TestPropertySourceUtils - Adding inlined properties to environment: {spring.jmx.enabled=false, org.springframework.boot.test.context.SpringBootTestContextBootstrapper=true}

  .   ____          _            __ _ _
 /\\ / ___'_ __ _ _(_)_ __  __ _ \ \ \ \
( ( )\___ | '_ | '_| | '_ \/ _` | \ \ \ \
 \\/  ___)| |_)| | | | | || (_| |  ) ) ) )
  '  |____| .__|_| |_|_| |_\__, | / / / /
 =========|_|==============|___/=/_/_/_/
 :: Spring Boot ::                (v2.5.2)

2021-07-12 22:16:48.969  INFO 26476 --- [    Test worker] c.e.m.m.repository.MovieRepositoryTest   : Starting MovieRepositoryTest using Java 11.0.11 on LAPTOP-17QC8LHQ with PID 26476 (started by bsh64 in C:\Users\bsh64\IdeaProjects\bookmanager\movieReview)
2021-07-12 22:16:48.973  INFO 26476 --- [    Test worker] c.e.m.m.repository.MovieRepositoryTest   : No active profile set, falling back to default profiles: default
2021-07-12 22:16:49.732  INFO 26476 --- [    Test worker] .s.d.r.c.RepositoryConfigurationDelegate : Bootstrapping Spring Data JPA repositories in DEFAULT mode.
2021-07-12 22:16:49.799  INFO 26476 --- [    Test worker] .s.d.r.c.RepositoryConfigurationDelegate : Finished Spring Data repository scanning in 60 ms. Found 1 JPA repository interfaces.
2021-07-12 22:16:50.363  INFO 26476 --- [    Test worker] com.zaxxer.hikari.HikariDataSource       : HikariPool-1 - Starting...
2021-07-12 22:16:50.587  INFO 26476 --- [    Test worker] com.zaxxer.hikari.HikariDataSource       : HikariPool-1 - Start completed.
2021-07-12 22:16:50.702  INFO 26476 --- [    Test worker] o.hibernate.jpa.internal.util.LogHelper  : HHH000204: Processing PersistenceUnitInfo [name: default]
2021-07-12 22:16:50.805  INFO 26476 --- [    Test worker] org.hibernate.Version                    : HHH000412: Hibernate ORM core version 5.4.32.Final
2021-07-12 22:16:51.083  INFO 26476 --- [    Test worker] o.hibernate.annotations.common.Version   : HCANN000001: Hibernate Commons Annotations {5.1.2.Final}
2021-07-12 22:16:51.296  INFO 26476 --- [    Test worker] org.hibernate.dialect.Dialect            : HHH000400: Using dialect: org.hibernate.dialect.H2Dialect
Hibernate: 
    
    drop table if exists movie CASCADE 
Hibernate: 
    
    drop sequence if exists hibernate_sequence
Hibernate: create sequence hibernate_sequence start with 1 increment by 1
Hibernate: 
    
    create table movie (
       id integer not null,
        actor varchar(255),
        director varchar(255),
        image varchar(255),
        link varchar(255),
        pub_date date,
        subtitle varchar(255),
        title varchar(255),
        user_rating varchar(255),
        primary key (id)
    )
2021-07-12 22:16:52.128  INFO 26476 --- [    Test worker] o.h.e.t.j.p.i.JtaPlatformInitiator       : HHH000490: Using JtaPlatform implementation: [org.hibernate.engine.transaction.jta.platform.internal.NoJtaPlatform]
2021-07-12 22:16:52.139  INFO 26476 --- [    Test worker] j.LocalContainerEntityManagerFactoryBean : Initialized JPA EntityManagerFactory for persistence unit 'default'
2021-07-12 22:16:52.697  WARN 26476 --- [    Test worker] JpaBaseConfiguration$JpaWebConfiguration : spring.jpa.open-in-view is enabled by default. Therefore, database queries may be performed during view rendering. Explicitly configure spring.jpa.open-in-view to disable this warning
2021-07-12 22:16:52.991  INFO 26476 --- [    Test worker] o.s.b.a.h2.H2ConsoleAutoConfiguration    : H2 console available at '/h2-console'. Database available at 'jdbc:h2:mem:13181958-b40c-4542-8076-056766971f69'
2021-07-12 22:16:53.381  INFO 26476 --- [    Test worker] c.e.m.m.repository.MovieRepositoryTest   : Started MovieRepositoryTest in 4.712 seconds (JVM running for 5.972)
Hibernate: 
    call next value for hibernate_sequence
Hibernate: 
    insert 
    into
        movie
        (actor, director, image, link, pub_date, subtitle, title, user_rating, id) 
    values
        (?, ?, ?, ?, ?, ?, ?, ?, ?)
Hibernate: 
    select
        movie0_.id as id1_0_,
        movie0_.actor as actor2_0_,
        movie0_.director as director3_0_,
        movie0_.image as image4_0_,
        movie0_.link as link5_0_,
        movie0_.pub_date as pub_date6_0_,
        movie0_.subtitle as subtitle7_0_,
        movie0_.title as title8_0_,
        movie0_.user_rating as user_rat9_0_ 
    from
        movie movie0_
[Movie(id=1, title=null, link=null, image=null, subtitle=미정, pubDate=null, director=봉준호, actor=이지은, userRating=null)]
Hibernate: 
    select
        movie0_.id as id1_0_0_,
        movie0_.actor as actor2_0_0_,
        movie0_.director as director3_0_0_,
        movie0_.image as image4_0_0_,
        movie0_.link as link5_0_0_,
        movie0_.pub_date as pub_date6_0_0_,
        movie0_.subtitle as subtitle7_0_0_,
        movie0_.title as title8_0_0_,
        movie0_.user_rating as user_rat9_0_0_ 
    from
        movie movie0_ 
    where
        movie0_.id=?
Hibernate: 
    delete 
    from
        movie 
    where
        id=?
Hibernate: 
    select
        movie0_.id as id1_0_,
        movie0_.actor as actor2_0_,
        movie0_.director as director3_0_,
        movie0_.image as image4_0_,
        movie0_.link as link5_0_,
        movie0_.pub_date as pub_date6_0_,
        movie0_.subtitle as subtitle7_0_,
        movie0_.title as title8_0_,
        movie0_.user_rating as user_rat9_0_ 
    from
        movie movie0_
[]
]]></system-out>
  <system-err><![CDATA[]]></system-err>
</testsuite>
