<?xml version="1.0" encoding="UTF-8"?>
<testsuite name="com.example.moviereview.movieList.repository.MovieRepositoryTest" tests="1" skipped="0" failures="0" errors="0" timestamp="2021-07-12T14:20:35" hostname="LAPTOP-17QC8LHQ" time="0.494">
  <properties/>
  <testcase name="repositoryTest()" classname="com.example.moviereview.movieList.repository.MovieRepositoryTest" time="0.494"/>
  <system-out><![CDATA[23:20:29.111 [Test worker] DEBUG org.springframework.test.context.BootstrapUtils - Instantiating CacheAwareContextLoaderDelegate from class [org.springframework.test.context.cache.DefaultCacheAwareContextLoaderDelegate]
23:20:29.125 [Test worker] DEBUG org.springframework.test.context.BootstrapUtils - Instantiating BootstrapContext using constructor [public org.springframework.test.context.support.DefaultBootstrapContext(java.lang.Class,org.springframework.test.context.CacheAwareContextLoaderDelegate)]
23:20:29.159 [Test worker] DEBUG org.springframework.test.context.BootstrapUtils - Instantiating TestContextBootstrapper for test class [com.example.moviereview.movieList.repository.MovieRepositoryTest] from class [org.springframework.boot.test.context.SpringBootTestContextBootstrapper]
23:20:29.169 [Test worker] INFO org.springframework.boot.test.context.SpringBootTestContextBootstrapper - Neither @ContextConfiguration nor @ContextHierarchy found for test class [com.example.moviereview.movieList.repository.MovieRepositoryTest], using SpringBootContextLoader
23:20:29.173 [Test worker] DEBUG org.springframework.test.context.support.AbstractContextLoader - Did not detect default resource location for test class [com.example.moviereview.movieList.repository.MovieRepositoryTest]: class path resource [com/example/moviereview/movieList/repository/MovieRepositoryTest-context.xml] does not exist
23:20:29.174 [Test worker] DEBUG org.springframework.test.context.support.AbstractContextLoader - Did not detect default resource location for test class [com.example.moviereview.movieList.repository.MovieRepositoryTest]: class path resource [com/example/moviereview/movieList/repository/MovieRepositoryTestContext.groovy] does not exist
23:20:29.174 [Test worker] INFO org.springframework.test.context.support.AbstractContextLoader - Could not detect default resource locations for test class [com.example.moviereview.movieList.repository.MovieRepositoryTest]: no resource found for suffixes {-context.xml, Context.groovy}.
23:20:29.175 [Test worker] INFO org.springframework.test.context.support.AnnotationConfigContextLoaderUtils - Could not detect default configuration classes for test class [com.example.moviereview.movieList.repository.MovieRepositoryTest]: MovieRepositoryTest does not declare any static, non-private, non-final, nested classes annotated with @Configuration.
23:20:29.215 [Test worker] DEBUG org.springframework.test.context.support.ActiveProfilesUtils - Could not find an 'annotation declaring class' for annotation type [org.springframework.test.context.ActiveProfiles] and class [com.example.moviereview.movieList.repository.MovieRepositoryTest]
23:20:29.294 [Test worker] DEBUG org.springframework.context.annotation.ClassPathScanningCandidateComponentProvider - Identified candidate component class: file [C:\Users\bsh64\IdeaProjects\Movvie_Manager\movieReview\build\classes\java\main\com\example\moviereview\MovieReviewApplication.class]
23:20:29.296 [Test worker] INFO org.springframework.boot.test.context.SpringBootTestContextBootstrapper - Found @SpringBootConfiguration com.example.moviereview.MovieReviewApplication for test class com.example.moviereview.movieList.repository.MovieRepositoryTest
23:20:29.397 [Test worker] DEBUG org.springframework.boot.test.context.SpringBootTestContextBootstrapper - @TestExecutionListeners is not present for class [com.example.moviereview.movieList.repository.MovieRepositoryTest]: using defaults.
23:20:29.398 [Test worker] INFO org.springframework.boot.test.context.SpringBootTestContextBootstrapper - Loaded default TestExecutionListener class names from location [META-INF/spring.factories]: [org.springframework.boot.test.autoconfigure.restdocs.RestDocsTestExecutionListener, org.springframework.boot.test.autoconfigure.web.client.MockRestServiceServerResetTestExecutionListener, org.springframework.boot.test.autoconfigure.web.servlet.MockMvcPrintOnlyOnFailureTestExecutionListener, org.springframework.boot.test.autoconfigure.web.servlet.WebDriverTestExecutionListener, org.springframework.boot.test.autoconfigure.webservices.client.MockWebServiceServerTestExecutionListener, org.springframework.boot.test.mock.mockito.MockitoTestExecutionListener, org.springframework.boot.test.mock.mockito.ResetMocksTestExecutionListener, org.springframework.test.context.web.ServletTestExecutionListener, org.springframework.test.context.support.DirtiesContextBeforeModesTestExecutionListener, org.springframework.test.context.event.ApplicationEventsTestExecutionListener, org.springframework.test.context.support.DependencyInjectionTestExecutionListener, org.springframework.test.context.support.DirtiesContextTestExecutionListener, org.springframework.test.context.transaction.TransactionalTestExecutionListener, org.springframework.test.context.jdbc.SqlScriptsTestExecutionListener, org.springframework.test.context.event.EventPublishingTestExecutionListener]
23:20:29.424 [Test worker] INFO org.springframework.boot.test.context.SpringBootTestContextBootstrapper - Using TestExecutionListeners: [org.springframework.test.context.web.ServletTestExecutionListener@380dfe52, org.springframework.test.context.support.DirtiesContextBeforeModesTestExecutionListener@40458b57, org.springframework.test.context.event.ApplicationEventsTestExecutionListener@52668c4d, org.springframework.boot.test.mock.mockito.MockitoTestExecutionListener@4549baa2, org.springframework.boot.test.autoconfigure.SpringBootDependencyInjectionTestExecutionListener@12612337, org.springframework.test.context.support.DirtiesContextTestExecutionListener@7e121d1f, org.springframework.test.context.transaction.TransactionalTestExecutionListener@18f0e274, org.springframework.test.context.jdbc.SqlScriptsTestExecutionListener@1064d762, org.springframework.test.context.event.EventPublishingTestExecutionListener@b8736c2, org.springframework.boot.test.autoconfigure.restdocs.RestDocsTestExecutionListener@65133848, org.springframework.boot.test.autoconfigure.web.client.MockRestServiceServerResetTestExecutionListener@7a6f85dc, org.springframework.boot.test.autoconfigure.web.servlet.MockMvcPrintOnlyOnFailureTestExecutionListener@4c869234, org.springframework.boot.test.autoconfigure.web.servlet.WebDriverTestExecutionListener@7e058c40, org.springframework.boot.test.autoconfigure.webservices.client.MockWebServiceServerTestExecutionListener@2a83ab0, org.springframework.boot.test.mock.mockito.ResetMocksTestExecutionListener@4ef0e5c]
23:20:29.428 [Test worker] DEBUG org.springframework.test.context.support.AbstractDirtiesContextTestExecutionListener - Before test class: context [DefaultTestContext@6bc1e763 testClass = MovieRepositoryTest, testInstance = [null], testMethod = [null], testException = [null], mergedContextConfiguration = [WebMergedContextConfiguration@60f3545f testClass = MovieRepositoryTest, locations = '{}', classes = '{class com.example.moviereview.MovieReviewApplication}', contextInitializerClasses = '[]', activeProfiles = '{}', propertySourceLocations = '{}', propertySourceProperties = '{org.springframework.boot.test.context.SpringBootTestContextBootstrapper=true}', contextCustomizers = set[org.springframework.boot.test.autoconfigure.actuate.metrics.MetricsExportContextCustomizerFactory$DisableMetricExportContextCustomizer@3af311ac, org.springframework.boot.test.autoconfigure.properties.PropertyMappingContextCustomizer@0, org.springframework.boot.test.autoconfigure.web.servlet.WebDriverContextCustomizerFactory$Customizer@2ada2f26, org.springframework.boot.test.context.filter.ExcludeFilterContextCustomizer@570097c1, org.springframework.boot.test.json.DuplicateJsonObjectContextCustomizerFactory$DuplicateJsonObjectContextCustomizer@919e0f4, org.springframework.boot.test.mock.mockito.MockitoContextCustomizer@0, org.springframework.boot.test.web.client.TestRestTemplateContextCustomizer@6d8cfb44, org.springframework.boot.test.context.SpringBootTestArgs@1, org.springframework.boot.test.context.SpringBootTestWebEnvironment@2517ac0c], resourceBasePath = 'src/main/webapp', contextLoader = 'org.springframework.boot.test.context.SpringBootContextLoader', parent = [null]], attributes = map['org.springframework.test.context.web.ServletTestExecutionListener.activateListener' -> true]], class annotated with @DirtiesContext [false] with mode [null].
23:20:29.462 [Test worker] DEBUG org.springframework.test.context.support.TestPropertySourceUtils - Adding inlined properties to environment: {spring.jmx.enabled=false, org.springframework.boot.test.context.SpringBootTestContextBootstrapper=true}

  .   ____          _            __ _ _
 /\\ / ___'_ __ _ _(_)_ __  __ _ \ \ \ \
( ( )\___ | '_ | '_| | '_ \/ _` | \ \ \ \
 \\/  ___)| |_)| | | | | || (_| |  ) ) ) )
  '  |____| .__|_| |_|_| |_\__, | / / / /
 =========|_|==============|___/=/_/_/_/
 :: Spring Boot ::                (v2.5.2)

2021-07-12 23:20:29.831  INFO 30460 --- [    Test worker] c.e.m.m.repository.MovieRepositoryTest   : Starting MovieRepositoryTest using Java 11.0.11 on LAPTOP-17QC8LHQ with PID 30460 (started by bsh64 in C:\Users\bsh64\IdeaProjects\Movvie_Manager\movieReview)
2021-07-12 23:20:29.837  INFO 30460 --- [    Test worker] c.e.m.m.repository.MovieRepositoryTest   : No active profile set, falling back to default profiles: default
2021-07-12 23:20:30.912  INFO 30460 --- [    Test worker] .s.d.r.c.RepositoryConfigurationDelegate : Bootstrapping Spring Data JPA repositories in DEFAULT mode.
2021-07-12 23:20:30.955  INFO 30460 --- [    Test worker] .s.d.r.c.RepositoryConfigurationDelegate : Finished Spring Data repository scanning in 34 ms. Found 1 JPA repository interfaces.
2021-07-12 23:20:31.630  INFO 30460 --- [    Test worker] com.zaxxer.hikari.HikariDataSource       : HikariPool-1 - Starting...
2021-07-12 23:20:31.975  INFO 30460 --- [    Test worker] com.zaxxer.hikari.HikariDataSource       : HikariPool-1 - Start completed.
2021-07-12 23:20:32.050  INFO 30460 --- [    Test worker] o.hibernate.jpa.internal.util.LogHelper  : HHH000204: Processing PersistenceUnitInfo [name: default]
2021-07-12 23:20:32.134  INFO 30460 --- [    Test worker] org.hibernate.Version                    : HHH000412: Hibernate ORM core version 5.4.32.Final
2021-07-12 23:20:32.422  INFO 30460 --- [    Test worker] o.hibernate.annotations.common.Version   : HCANN000001: Hibernate Commons Annotations {5.1.2.Final}
2021-07-12 23:20:32.598  INFO 30460 --- [    Test worker] org.hibernate.dialect.Dialect            : HHH000400: Using dialect: org.hibernate.dialect.MySQL8Dialect
Hibernate: 
    
    create table hibernate_sequence (
       next_val bigint
    ) engine=InnoDB
Hibernate: 
    
    insert into hibernate_sequence values ( 1 )
Hibernate: 
    
    create table movie (
       id integer not null,
        actor varchar(255),
        director varchar(255),
        image varchar(255),
        link varchar(255),
        pub_date date,
        subtitle varchar(255),
        title varchar(255),
        user_rating varchar(255),
        primary key (id)
    ) engine=InnoDB
2021-07-12 23:20:33.315  INFO 30460 --- [    Test worker] o.h.e.t.j.p.i.JtaPlatformInitiator       : HHH000490: Using JtaPlatform implementation: [org.hibernate.engine.transaction.jta.platform.internal.NoJtaPlatform]
2021-07-12 23:20:33.326  INFO 30460 --- [    Test worker] j.LocalContainerEntityManagerFactoryBean : Initialized JPA EntityManagerFactory for persistence unit 'default'
2021-07-12 23:20:34.124  WARN 30460 --- [    Test worker] JpaBaseConfiguration$JpaWebConfiguration : spring.jpa.open-in-view is enabled by default. Therefore, database queries may be performed during view rendering. Explicitly configure spring.jpa.open-in-view to disable this warning
2021-07-12 23:20:34.260  INFO 30460 --- [    Test worker] o.s.b.a.h2.H2ConsoleAutoConfiguration    : H2 console available at '/h2-console'. Database available at 'jdbc:mysql://localhost:3306/movie_manager'
2021-07-12 23:20:35.243  WARN 30460 --- [    Test worker] ion$DefaultTemplateResolverConfiguration : Cannot find template location: classpath:/templates/ (please add some templates or check your Thymeleaf configuration)
2021-07-12 23:20:35.847  INFO 30460 --- [    Test worker] c.e.m.m.repository.MovieRepositoryTest   : Started MovieRepositoryTest in 6.377 seconds (JVM running for 7.588)
Hibernate: 
    select
        next_val as id_val 
    from
        hibernate_sequence for update
            
Hibernate: 
    update
        hibernate_sequence 
    set
        next_val= ? 
    where
        next_val=?
Hibernate: 
    insert 
    into
        movie
        (actor, director, image, link, pub_date, subtitle, title, user_rating, id) 
    values
        (?, ?, ?, ?, ?, ?, ?, ?, ?)
Hibernate: 
    select
        movie0_.id as id1_0_,
        movie0_.actor as actor2_0_,
        movie0_.director as director3_0_,
        movie0_.image as image4_0_,
        movie0_.link as link5_0_,
        movie0_.pub_date as pub_date6_0_,
        movie0_.subtitle as subtitle7_0_,
        movie0_.title as title8_0_,
        movie0_.user_rating as user_rat9_0_ 
    from
        movie movie0_
[Movie(id=1, title=null, link=null, image=null, subtitle=미정, pubDate=null, director=봉준호, actor=이지은, userRating=null)]
Hibernate: 
    select
        movie0_.id as id1_0_0_,
        movie0_.actor as actor2_0_0_,
        movie0_.director as director3_0_0_,
        movie0_.image as image4_0_0_,
        movie0_.link as link5_0_0_,
        movie0_.pub_date as pub_date6_0_0_,
        movie0_.subtitle as subtitle7_0_0_,
        movie0_.title as title8_0_0_,
        movie0_.user_rating as user_rat9_0_0_ 
    from
        movie movie0_ 
    where
        movie0_.id=?
Hibernate: 
    delete 
    from
        movie 
    where
        id=?
Hibernate: 
    select
        movie0_.id as id1_0_,
        movie0_.actor as actor2_0_,
        movie0_.director as director3_0_,
        movie0_.image as image4_0_,
        movie0_.link as link5_0_,
        movie0_.pub_date as pub_date6_0_,
        movie0_.subtitle as subtitle7_0_,
        movie0_.title as title8_0_,
        movie0_.user_rating as user_rat9_0_ 
    from
        movie movie0_
[]
]]></system-out>
  <system-err><![CDATA[]]></system-err>
</testsuite>
